<?xml version="1.0" encoding="UTF-8"?>
<!-- Generated by org.testng.reporters.JUnitXMLReporter -->
<testsuite hostname="LAPTOP-JD3JCJ7C" ignored="0" name="Default test" tests="4" failures="0" timestamp="2021-03-02T20:11:29 IST" time="80.325" errors="0">
  <testcase name="searchProduct" time="11.498" classname="tests.SanityBuyProduct"/>
  <testcase name="getIntoProduct" time="8.085" classname="tests.SanityBuyProduct"/>
  <testcase name="editProduct" time="0.454" classname="tests.SanityBuyProduct"/>
  <testcase name="addToCart" time="36.651" classname="tests.SanityBuyProduct"/>
</testsuite> <!-- Default test -->
