<?xml version="1.0" encoding="UTF-8"?>
<testng-results skipped="0" failed="0" ignored="0" total="4" passed="4">
  <reporter-output>
  </reporter-output>
  <suite name="Default suite" duration-ms="80325" started-at="2021-03-02T20:10:09 IST" finished-at="2021-03-02T20:11:29 IST">
    <groups>
    </groups>
    <test name="Default test" duration-ms="80325" started-at="2021-03-02T20:10:09 IST" finished-at="2021-03-02T20:11:29 IST">
      <class name="tests.SanityBuyProduct">
        <test-method status="PASS" signature="beforeClass()[pri:0, instance:tests.SanityBuyProduct@6771beb3]" name="beforeClass" is-config="true" duration-ms="18315" started-at="2021-03-02T20:10:09 IST" finished-at="2021-03-02T20:10:27 IST">
          <reporter-output>
          </reporter-output>
        </test-method> <!-- beforeClass -->
        <test-method status="PASS" signature="beforeMethod(java.lang.reflect.Method)[pri:0, instance:tests.SanityBuyProduct@6771beb3]" name="beforeMethod" is-config="true" duration-ms="24" started-at="2021-03-02T20:10:27 IST" finished-at="2021-03-02T20:10:27 IST">
          <params>
            <param index="0">
              <value>
                <![CDATA[public void tests.SanityBuyProduct.searchProduct() throws java.lang.InterruptedException,java.io.IOException]]>
              </value>
            </param>
          </params>
          <reporter-output>
          </reporter-output>
        </test-method> <!-- beforeMethod -->
        <test-method status="PASS" signature="searchProduct()[pri:1, instance:tests.SanityBuyProduct@6771beb3]" name="searchProduct" duration-ms="11498" started-at="2021-03-02T20:10:27 IST" description="verify date" finished-at="2021-03-02T20:10:39 IST">
          <reporter-output>
          </reporter-output>
        </test-method> <!-- searchProduct -->
        <test-method status="PASS" signature="afterMethod(org.testng.ITestResult)[pri:0, instance:tests.SanityBuyProduct@6771beb3]" name="afterMethod" is-config="true" duration-ms="1010" started-at="2021-03-02T20:10:39 IST" finished-at="2021-03-02T20:10:40 IST">
          <params>
            <param index="0">
              <value>
                <![CDATA[[TestResult name=searchProduct status=SUCCESS method=SanityBuyProduct.searchProduct()[pri:1, instance:tests.SanityBuyProduct@6771beb3] output={null}]]]>
              </value>
            </param>
          </params>
          <reporter-output>
          </reporter-output>
        </test-method> <!-- afterMethod -->
        <test-method status="PASS" signature="beforeMethod(java.lang.reflect.Method)[pri:0, instance:tests.SanityBuyProduct@6771beb3]" name="beforeMethod" is-config="true" duration-ms="0" started-at="2021-03-02T20:10:40 IST" finished-at="2021-03-02T20:10:40 IST">
          <params>
            <param index="0">
              <value>
                <![CDATA[public void tests.SanityBuyProduct.getIntoProduct() throws java.lang.InterruptedException,java.io.IOException]]>
              </value>
            </param>
          </params>
          <reporter-output>
          </reporter-output>
        </test-method> <!-- beforeMethod -->
        <test-method status="PASS" signature="getIntoProduct()[pri:2, instance:tests.SanityBuyProduct@6771beb3]" name="getIntoProduct" duration-ms="8085" started-at="2021-03-02T20:10:40 IST" description="verify date" finished-at="2021-03-02T20:10:48 IST">
          <reporter-output>
          </reporter-output>
        </test-method> <!-- getIntoProduct -->
        <test-method status="PASS" signature="afterMethod(org.testng.ITestResult)[pri:0, instance:tests.SanityBuyProduct@6771beb3]" name="afterMethod" is-config="true" duration-ms="629" started-at="2021-03-02T20:10:48 IST" finished-at="2021-03-02T20:10:49 IST">
          <params>
            <param index="0">
              <value>
                <![CDATA[[TestResult name=getIntoProduct status=SUCCESS method=SanityBuyProduct.getIntoProduct()[pri:2, instance:tests.SanityBuyProduct@6771beb3] output={null}]]]>
              </value>
            </param>
          </params>
          <reporter-output>
          </reporter-output>
        </test-method> <!-- afterMethod -->
        <test-method status="PASS" signature="beforeMethod(java.lang.reflect.Method)[pri:0, instance:tests.SanityBuyProduct@6771beb3]" name="beforeMethod" is-config="true" duration-ms="1" started-at="2021-03-02T20:10:49 IST" finished-at="2021-03-02T20:10:49 IST">
          <params>
            <param index="0">
              <value>
                <![CDATA[public void tests.SanityBuyProduct.editProduct() throws java.lang.InterruptedException,java.io.IOException]]>
              </value>
            </param>
          </params>
          <reporter-output>
          </reporter-output>
        </test-method> <!-- beforeMethod -->
        <test-method status="PASS" signature="editProduct()[pri:3, instance:tests.SanityBuyProduct@6771beb3]" name="editProduct" duration-ms="454" started-at="2021-03-02T20:10:49 IST" description="verify date" finished-at="2021-03-02T20:10:49 IST">
          <reporter-output>
          </reporter-output>
        </test-method> <!-- editProduct -->
        <test-method status="PASS" signature="afterMethod(org.testng.ITestResult)[pri:0, instance:tests.SanityBuyProduct@6771beb3]" name="afterMethod" is-config="true" duration-ms="697" started-at="2021-03-02T20:10:49 IST" finished-at="2021-03-02T20:10:50 IST">
          <params>
            <param index="0">
              <value>
                <![CDATA[[TestResult name=editProduct status=SUCCESS method=SanityBuyProduct.editProduct()[pri:3, instance:tests.SanityBuyProduct@6771beb3] output={null}]]]>
              </value>
            </param>
          </params>
          <reporter-output>
          </reporter-output>
        </test-method> <!-- afterMethod -->
        <test-method status="PASS" signature="beforeMethod(java.lang.reflect.Method)[pri:0, instance:tests.SanityBuyProduct@6771beb3]" name="beforeMethod" is-config="true" duration-ms="0" started-at="2021-03-02T20:10:50 IST" finished-at="2021-03-02T20:10:50 IST">
          <params>
            <param index="0">
              <value>
                <![CDATA[public void tests.SanityBuyProduct.addToCart() throws java.lang.InterruptedException,java.io.IOException]]>
              </value>
            </param>
          </params>
          <reporter-output>
          </reporter-output>
        </test-method> <!-- beforeMethod -->
        <test-method status="PASS" signature="addToCart()[pri:4, instance:tests.SanityBuyProduct@6771beb3]" name="addToCart" duration-ms="36651" started-at="2021-03-02T20:10:50 IST" description="verify date" finished-at="2021-03-02T20:11:27 IST">
          <reporter-output>
          </reporter-output>
        </test-method> <!-- addToCart -->
        <test-method status="PASS" signature="afterMethod(org.testng.ITestResult)[pri:0, instance:tests.SanityBuyProduct@6771beb3]" name="afterMethod" is-config="true" duration-ms="651" started-at="2021-03-02T20:11:27 IST" finished-at="2021-03-02T20:11:27 IST">
          <params>
            <param index="0">
              <value>
                <![CDATA[[TestResult name=addToCart status=SUCCESS method=SanityBuyProduct.addToCart()[pri:4, instance:tests.SanityBuyProduct@6771beb3] output={null}]]]>
              </value>
            </param>
          </params>
          <reporter-output>
          </reporter-output>
        </test-method> <!-- afterMethod -->
        <test-method status="PASS" signature="afterClass()[pri:0, instance:tests.SanityBuyProduct@6771beb3]" name="afterClass" is-config="true" duration-ms="2154" started-at="2021-03-02T20:11:27 IST" finished-at="2021-03-02T20:11:29 IST">
          <reporter-output>
          </reporter-output>
        </test-method> <!-- afterClass -->
      </class> <!-- tests.SanityBuyProduct -->
    </test> <!-- Default test -->
  </suite> <!-- Default suite -->
</testng-results>
